2024-12-24 17:52:05 - Starting Lr08SpringApplication using Java 17.0.13 with PID 2000798 (/home/rk800/IdeaProjects/LR08_Spring_course_project/target/classes started by rk800 in /home/rk800/IdeaProjects/LR08_Spring_course_project)
2024-12-24 17:52:05 - No active profile set, falling back to 1 default profile: "default"
2024-12-24 17:52:05 - Bootstrapping Spring Data JPA repositories in DEFAULT mode.
2024-12-24 17:52:05 - Finished Spring Data repository scanning in 29 ms. Found 3 JPA repository interfaces.
2024-12-24 17:52:06 - Tomcat initialized with port 8085 (http)
2024-12-24 17:52:06 - Starting service [Tomcat]
2024-12-24 17:52:06 - Starting Servlet engine: [Apache Tomcat/10.1.33]
2024-12-24 17:52:06 - Initializing Spring embedded WebApplicationContext
2024-12-24 17:52:06 - Root WebApplicationContext: initialization completed in 1007 ms
2024-12-24 17:52:06 - HikariPool-1 - Starting...
2024-12-24 17:52:06 - HikariPool-1 - Added connection conn0: url=jdbc:h2:/home/rk800/IdeaProjects/LR08_Spring_course_project/testdb/students3 user=
2024-12-24 17:52:06 - HikariPool-1 - Start completed.
2024-12-24 17:52:06 - H2 console available at '/h2-console'. Database available at 'jdbc:h2:/home/rk800/IdeaProjects/LR08_Spring_course_project/testdb/students3'
2024-12-24 17:52:06 - HHH000204: Processing PersistenceUnitInfo [name: default]
2024-12-24 17:52:06 - HHH000412: Hibernate ORM core version 6.6.2.Final
2024-12-24 17:52:06 - HHH000026: Second-level cache disabled
2024-12-24 17:52:06 - No LoadTimeWeaver setup: ignoring JPA class transformer
2024-12-24 17:52:06 - HHH90000025: H2Dialect does not need to be specified explicitly using 'hibernate.dialect' (remove the property setting and it will be selected by default)
2024-12-24 17:52:06 - HHH10001005: Database info:
	Database JDBC URL [Connecting through datasource 'HikariDataSource (HikariPool-1)']
	Database driver: undefined/unknown
	Database version: 2.3.232
	Autocommit mode: undefined/unknown
	Isolation level: undefined/unknown
	Minimum pool size: undefined/unknown
	Maximum pool size: undefined/unknown
2024-12-24 17:52:07 - HHH000489: No JTA platform available (set 'hibernate.transaction.jta.platform' to enable JTA platform integration)
2024-12-24 17:52:07 - Initialized JPA EntityManagerFactory for persistence unit 'default'
2024-12-24 17:52:07 - spring.jpa.open-in-view is enabled by default. Therefore, database queries may be performed during view rendering. Explicitly configure spring.jpa.open-in-view to disable this warning
2024-12-24 17:52:07 - Global AuthenticationManager configured with UserDetailsService bean with name userDetailsService
2024-12-24 17:52:07 - Adding welcome page template: index
2024-12-24 17:52:07 - Exposing 1 endpoint beneath base path '/actuator'
2024-12-24 17:52:08 - Tomcat started on port 8085 (http) with context path '/'
2024-12-24 17:52:08 - Started Lr08SpringApplication in 3.291 seconds (process running for 4.069)
2024-12-24 17:52:08 - Initializing Spring DispatcherServlet 'dispatcherServlet'
2024-12-24 17:52:08 - Initializing Servlet 'dispatcherServlet'
2024-12-24 17:52:08 - Completed initialization in 1 ms
2024-12-24 17:52:21 - /list -> connection
2024-12-24 17:53:26 - Commencing graceful shutdown. Waiting for active requests to complete
2024-12-24 17:53:26 - Graceful shutdown complete
2024-12-24 17:53:26 - Closing JPA EntityManagerFactory for persistence unit 'default'
2024-12-24 17:53:26 - HikariPool-1 - Shutdown initiated...
2024-12-24 17:53:26 - HikariPool-1 - Shutdown completed.
